<?xml version="1.0" encoding="UTF-8"?>
<testsuite name="com.hotelreservation.HotelTest" tests="1" skipped="0" failures="0" errors="0" timestamp="2021-05-07T10:11:43" hostname="HACKERNAMAN" time="0.025">
  <properties/>
  <testcase name="givenHotelNameAndTheirRate_ShouldReturnTrue()" classname="com.hotelreservation.HotelTest" time="0.025"/>
  <system-out><![CDATA[Hotel{hotelName='Lakewood', rate=110}
Hotel{hotelName='Bridgewood', rate=160}
Hotel{hotelName='Ridgewood', rate=220}
]]></system-out>
  <system-err><![CDATA[]]></system-err>
</testsuite>
