<?xml version="1.0" encoding="UTF-8"?>
<testsuite name="com.hotelreservation.HotelReservationTest" tests="1" skipped="0" failures="0" errors="0" timestamp="2021-05-08T12:40:10" hostname="HACKERNAMAN" time="0.06">
  <properties/>
  <testcase name="givenHotelsWhenAddedShouldReturnTheCheapestHotel()" classname="com.hotelreservation.HotelReservationTest" time="0.06"/>
  <system-out><![CDATA[200
Lakewood Bridgewood 
]]></system-out>
  <system-err><![CDATA[]]></system-err>
</testsuite>
