<?xml version="1.0" encoding="UTF-8"?>
<testsuite name="com.hotelreservation.HotelTest" tests="3" skipped="0" failures="0" errors="0" timestamp="2021-05-08T13:35:35" hostname="HACKERNAMAN" time="0.022">
  <properties/>
  <testcase name="givenBridgewoodDetails_WhenAdded_ShouldPassTheDeatils()" classname="com.hotelreservation.HotelTest" time="0.019"/>
  <testcase name="givenLakewoodDetails_WhenAdded_ShouldPassTheDeatils()" classname="com.hotelreservation.HotelTest" time="0.0"/>
  <testcase name="givenRidgewoodDetails_WhenAdded_ShouldPassTheDeatils()" classname="com.hotelreservation.HotelTest" time="0.001"/>
  <system-out><![CDATA[]]></system-out>
  <system-err><![CDATA[]]></system-err>
</testsuite>
